25289:C 08 Jun 2019 14:09:34.803 # oO0OoO0OoO0Oo Redis is starting oO0OoO0OoO0Oo
25289:C 08 Jun 2019 14:09:34.803 # Redis version=5.0.3, bits=64, commit=00000000, modified=0, pid=25289, just started
25289:C 08 Jun 2019 14:09:34.804 # Configuration loaded
25290:S 08 Jun 2019 14:09:34.806 * Increased maximum number of open files to 10032 (it was originally set to 256).
25290:S 08 Jun 2019 14:09:34.809 * Running mode=standalone, port=6380.
25290:S 08 Jun 2019 14:09:34.809 # Server initialized
25290:S 08 Jun 2019 14:09:34.810 * Ready to accept connections
25290:S 08 Jun 2019 14:09:34.810 * Connecting to MASTER 127.0.0.1:6379
25290:S 08 Jun 2019 14:09:34.810 * MASTER <-> REPLICA sync started
25290:S 08 Jun 2019 14:09:34.811 * Non blocking connect for SYNC fired the event.
25290:S 08 Jun 2019 14:09:34.811 * Master replied to PING, replication can continue...
25290:S 08 Jun 2019 14:09:34.812 * Partial resynchronization not possible (no cached master)
25290:S 08 Jun 2019 14:09:34.812 * Full resync from master: fac25920d4ca291ba5f4130a1426d79ea9e137a4:0
25290:S 08 Jun 2019 14:09:34.877 * MASTER <-> REPLICA sync: receiving 1058079 bytes from master
25290:S 08 Jun 2019 14:09:34.882 * MASTER <-> REPLICA sync: Flushing old data
25290:S 08 Jun 2019 14:09:34.883 * MASTER <-> REPLICA sync: Loading DB in memory
25290:S 08 Jun 2019 14:09:34.923 * MASTER <-> REPLICA sync: Finished with success
25290:S 08 Jun 2019 15:10:53.548 # Connection with master lost.
25290:S 08 Jun 2019 15:10:53.548 * Caching the disconnected master state.
25290:S 08 Jun 2019 15:10:53.549 * REPLICAOF 127.0.0.1:6381 enabled (user request from 'id=6 addr=127.0.0.1:57081 fd=9 name=sentinel-973d55ae-cmd age=3126 idle=0 flags=x db=0 sub=0 psub=0 multi=3 qbuf=281 qbuf-free=32487 obl=36 oll=0 omem=0 events=r cmd=exec')
25290:S 08 Jun 2019 15:10:53.550 # CONFIG REWRITE executed with success.
25290:S 08 Jun 2019 15:10:54.032 * Connecting to MASTER 127.0.0.1:6381
25290:S 08 Jun 2019 15:10:54.032 * MASTER <-> REPLICA sync started
25290:S 08 Jun 2019 15:10:54.033 * Non blocking connect for SYNC fired the event.
25290:S 08 Jun 2019 15:10:54.033 * Master replied to PING, replication can continue...
25290:S 08 Jun 2019 15:10:54.034 * Trying a partial resynchronization (request fac25920d4ca291ba5f4130a1426d79ea9e137a4:612713).
25290:S 08 Jun 2019 15:10:54.036 * Full resync from master: ed895378ebfe4563e1570bda4467de249ca11a36:613001
25290:S 08 Jun 2019 15:10:54.036 * Discarding previously cached master state.
25290:S 08 Jun 2019 15:10:54.141 * MASTER <-> REPLICA sync: receiving 1058082 bytes from master
25290:S 08 Jun 2019 15:10:54.149 * MASTER <-> REPLICA sync: Flushing old data
25290:S 08 Jun 2019 15:10:54.171 * MASTER <-> REPLICA sync: Loading DB in memory
25290:S 08 Jun 2019 15:10:54.212 * MASTER <-> REPLICA sync: Finished with success
25290:S 08 Jun 2019 18:08:45.101 # Connection with master lost.
25290:S 08 Jun 2019 18:08:45.101 * Caching the disconnected master state.
25290:S 08 Jun 2019 18:08:45.201 * Connecting to MASTER 127.0.0.1:6381
25290:S 08 Jun 2019 18:08:45.201 * MASTER <-> REPLICA sync started
25290:S 08 Jun 2019 18:08:45.201 * Non blocking connect for SYNC fired the event.
25290:S 08 Jun 2019 18:08:45.201 * Master replied to PING, replication can continue...
25290:S 08 Jun 2019 18:08:45.202 * Trying a partial resynchronization (request ed895378ebfe4563e1570bda4467de249ca11a36:1558797).
25290:S 08 Jun 2019 18:08:45.202 * Successful partial resynchronization with master.
25290:S 08 Jun 2019 18:08:45.202 * MASTER <-> REPLICA sync: Master accepted a Partial Resynchronization.
25290:S 08 Jun 2019 19:56:49.613 # MASTER timeout: no data nor PING received...
25290:S 08 Jun 2019 19:56:50.092 # Connection with master lost.
25290:S 08 Jun 2019 19:56:50.093 * Caching the disconnected master state.
25290:S 08 Jun 2019 19:56:50.093 * Connecting to MASTER 127.0.0.1:6381
25290:S 08 Jun 2019 19:56:50.094 * MASTER <-> REPLICA sync started
25290:S 08 Jun 2019 19:56:50.095 * Non blocking connect for SYNC fired the event.
25290:S 08 Jun 2019 19:56:50.096 * Master replied to PING, replication can continue...
25290:S 08 Jun 2019 19:56:50.098 * Trying a partial resynchronization (request ed895378ebfe4563e1570bda4467de249ca11a36:1560806).
25290:S 08 Jun 2019 19:56:50.099 * Successful partial resynchronization with master.
25290:S 08 Jun 2019 19:56:50.099 * MASTER <-> REPLICA sync: Master accepted a Partial Resynchronization.
25290:S 08 Jun 2019 20:38:03.513 # MASTER timeout: no data nor PING received...
25290:S 08 Jun 2019 20:38:04.099 # Connection with master lost.
25290:S 08 Jun 2019 20:38:04.100 * Caching the disconnected master state.
25290:S 08 Jun 2019 20:38:04.100 * Connecting to MASTER 127.0.0.1:6381
25290:S 08 Jun 2019 20:38:04.100 * MASTER <-> REPLICA sync started
25290:S 08 Jun 2019 20:38:04.101 * Non blocking connect for SYNC fired the event.
25290:S 08 Jun 2019 20:38:04.105 * Master replied to PING, replication can continue...
25290:S 08 Jun 2019 20:38:04.129 * Trying a partial resynchronization (request ed895378ebfe4563e1570bda4467de249ca11a36:1562815).
25290:S 08 Jun 2019 20:38:04.131 * Successful partial resynchronization with master.
25290:S 08 Jun 2019 20:38:04.132 * MASTER <-> REPLICA sync: Master accepted a Partial Resynchronization.
25290:S 09 Jun 2019 01:52:42.610 # MASTER timeout: no data nor PING received...
25290:S 09 Jun 2019 01:52:43.100 # Connection with master lost.
25290:S 09 Jun 2019 01:52:43.100 * Caching the disconnected master state.
25290:S 09 Jun 2019 01:52:43.101 * Connecting to MASTER 127.0.0.1:6381
25290:S 09 Jun 2019 01:52:43.101 * MASTER <-> REPLICA sync started
25290:S 09 Jun 2019 01:52:43.101 * Non blocking connect for SYNC fired the event.
25290:S 09 Jun 2019 01:52:43.105 * Master replied to PING, replication can continue...
25290:S 09 Jun 2019 01:52:43.107 * Trying a partial resynchronization (request ed895378ebfe4563e1570bda4467de249ca11a36:5144568).
25290:S 09 Jun 2019 01:52:43.109 * Successful partial resynchronization with master.
25290:S 09 Jun 2019 01:52:43.110 * MASTER <-> REPLICA sync: Master accepted a Partial Resynchronization.
25290:S 09 Jun 2019 03:40:50.914 # MASTER timeout: no data nor PING received...
25290:S 09 Jun 2019 03:40:51.091 # Connection with master lost.
25290:S 09 Jun 2019 03:40:51.092 * Caching the disconnected master state.
25290:S 09 Jun 2019 03:40:51.094 * Connecting to MASTER 127.0.0.1:6381
25290:S 09 Jun 2019 03:40:51.094 * MASTER <-> REPLICA sync started
25290:S 09 Jun 2019 03:40:51.095 * Non blocking connect for SYNC fired the event.
25290:S 09 Jun 2019 03:40:51.095 * Master replied to PING, replication can continue...
25290:S 09 Jun 2019 03:40:51.099 * Trying a partial resynchronization (request ed895378ebfe4563e1570bda4467de249ca11a36:5151792).
25290:S 09 Jun 2019 03:40:51.099 * Successful partial resynchronization with master.
25290:S 09 Jun 2019 03:40:51.100 * MASTER <-> REPLICA sync: Master accepted a Partial Resynchronization.
25290:S 09 Jun 2019 05:28:53.614 # MASTER timeout: no data nor PING received...
25290:S 09 Jun 2019 05:28:54.090 # Connection with master lost.
25290:S 09 Jun 2019 05:28:54.108 * Caching the disconnected master state.
25290:S 09 Jun 2019 05:28:54.112 * Connecting to MASTER 127.0.0.1:6381
25290:S 09 Jun 2019 05:28:54.112 * MASTER <-> REPLICA sync started
25290:S 09 Jun 2019 05:28:54.113 * Non blocking connect for SYNC fired the event.
25290:S 09 Jun 2019 05:28:54.114 * Master replied to PING, replication can continue...
25290:S 09 Jun 2019 05:28:54.114 * Trying a partial resynchronization (request ed895378ebfe4563e1570bda4467de249ca11a36:5153801).
25290:S 09 Jun 2019 05:28:54.115 * Successful partial resynchronization with master.
25290:S 09 Jun 2019 05:28:54.115 * MASTER <-> REPLICA sync: Master accepted a Partial Resynchronization.
25290:S 09 Jun 2019 05:59:46.609 # MASTER timeout: no data nor PING received...
25290:S 09 Jun 2019 05:59:47.100 # Connection with master lost.
25290:S 09 Jun 2019 05:59:47.100 * Caching the disconnected master state.
25290:S 09 Jun 2019 05:59:47.101 * Connecting to MASTER 127.0.0.1:6381
25290:S 09 Jun 2019 05:59:47.101 * MASTER <-> REPLICA sync started
25290:S 09 Jun 2019 05:59:47.102 * Non blocking connect for SYNC fired the event.
25290:S 09 Jun 2019 05:59:47.103 * Master replied to PING, replication can continue...
25290:S 09 Jun 2019 05:59:47.105 * Trying a partial resynchronization (request ed895378ebfe4563e1570bda4467de249ca11a36:5155810).
25290:S 09 Jun 2019 05:59:47.106 * Successful partial resynchronization with master.
25290:S 09 Jun 2019 05:59:47.107 * MASTER <-> REPLICA sync: Master accepted a Partial Resynchronization.
25290:S 09 Jun 2019 07:47:56.508 # MASTER timeout: no data nor PING received...
25290:S 09 Jun 2019 07:47:57.092 # Connection with master lost.
25290:S 09 Jun 2019 07:47:57.097 * Caching the disconnected master state.
25290:S 09 Jun 2019 07:47:57.100 * Connecting to MASTER 127.0.0.1:6381
25290:S 09 Jun 2019 07:47:57.101 * MASTER <-> REPLICA sync started
25290:S 09 Jun 2019 07:47:57.104 * Non blocking connect for SYNC fired the event.
25290:S 09 Jun 2019 07:47:57.105 * Master replied to PING, replication can continue...
25290:S 09 Jun 2019 07:47:57.106 * Trying a partial resynchronization (request ed895378ebfe4563e1570bda4467de249ca11a36:5163048).
25290:S 09 Jun 2019 07:47:57.106 * Successful partial resynchronization with master.
25290:S 09 Jun 2019 07:47:57.107 * MASTER <-> REPLICA sync: Master accepted a Partial Resynchronization.
25290:S 09 Jun 2019 09:35:59.924 # MASTER timeout: no data nor PING received...
25290:S 09 Jun 2019 09:36:00.091 # Connection with master lost.
25290:S 09 Jun 2019 09:36:00.092 * Caching the disconnected master state.
25290:S 09 Jun 2019 09:36:00.093 * Connecting to MASTER 127.0.0.1:6381
25290:S 09 Jun 2019 09:36:00.096 * MASTER <-> REPLICA sync started
25290:S 09 Jun 2019 09:36:00.096 * Non blocking connect for SYNC fired the event.
25290:S 09 Jun 2019 09:36:00.097 * Master replied to PING, replication can continue...
25290:S 09 Jun 2019 09:36:00.098 * Trying a partial resynchronization (request ed895378ebfe4563e1570bda4467de249ca11a36:5165057).
25290:S 09 Jun 2019 09:36:00.100 * Successful partial resynchronization with master.
25290:S 09 Jun 2019 09:36:00.103 * MASTER <-> REPLICA sync: Master accepted a Partial Resynchronization.
25290:S 09 Jun 2019 09:46:48.510 # MASTER timeout: no data nor PING received...
25290:S 09 Jun 2019 09:46:49.090 # Connection with master lost.
25290:S 09 Jun 2019 09:46:49.552 * Caching the disconnected master state.
25290:S 09 Jun 2019 09:46:49.553 * Connecting to MASTER 127.0.0.1:6381
25290:S 09 Jun 2019 09:46:49.553 * MASTER <-> REPLICA sync started
25290:S 09 Jun 2019 09:46:49.554 * Non blocking connect for SYNC fired the event.
25290:S 09 Jun 2019 09:46:49.557 * Master replied to PING, replication can continue...
25290:S 09 Jun 2019 09:46:49.562 * Trying a partial resynchronization (request ed895378ebfe4563e1570bda4467de249ca11a36:5167066).
25290:S 09 Jun 2019 09:46:49.564 * Successful partial resynchronization with master.
25290:S 09 Jun 2019 09:46:49.564 * MASTER <-> REPLICA sync: Master accepted a Partial Resynchronization.
25290:S 09 Jun 2019 09:47:59.515 # MASTER timeout: no data nor PING received...
25290:S 09 Jun 2019 09:48:00.094 # Connection with master lost.
25290:S 09 Jun 2019 09:48:00.094 * Caching the disconnected master state.
25290:S 09 Jun 2019 09:48:00.095 * Connecting to MASTER 127.0.0.1:6381
25290:S 09 Jun 2019 09:48:00.096 * MASTER <-> REPLICA sync started
25290:S 09 Jun 2019 09:48:00.097 * Non blocking connect for SYNC fired the event.
25290:S 09 Jun 2019 09:48:00.099 * Master replied to PING, replication can continue...
25290:S 09 Jun 2019 09:48:00.101 * Trying a partial resynchronization (request ed895378ebfe4563e1570bda4467de249ca11a36:5169208).
25290:S 09 Jun 2019 09:48:00.102 * Successful partial resynchronization with master.
25290:S 09 Jun 2019 09:48:00.103 * MASTER <-> REPLICA sync: Master accepted a Partial Resynchronization.
25290:S 09 Jun 2019 11:48:10.511 # MASTER timeout: no data nor PING received...
25290:S 09 Jun 2019 11:48:11.086 # Connection with master lost.
25290:S 09 Jun 2019 11:48:11.090 * Caching the disconnected master state.
25290:S 09 Jun 2019 11:48:11.091 * Connecting to MASTER 127.0.0.1:6381
25290:S 09 Jun 2019 11:48:11.092 * MASTER <-> REPLICA sync started
25290:S 09 Jun 2019 11:48:11.095 * Non blocking connect for SYNC fired the event.
25290:S 09 Jun 2019 11:48:11.097 * Master replied to PING, replication can continue...
25290:S 09 Jun 2019 11:48:11.099 * Trying a partial resynchronization (request ed895378ebfe4563e1570bda4467de249ca11a36:5171336).
25290:S 09 Jun 2019 11:48:11.100 * Successful partial resynchronization with master.
25290:S 09 Jun 2019 11:48:11.101 * MASTER <-> REPLICA sync: Master accepted a Partial Resynchronization.
25290:S 09 Jun 2019 13:36:14.609 # MASTER timeout: no data nor PING received...
25290:S 09 Jun 2019 13:36:15.087 # Connection with master lost.
25290:S 09 Jun 2019 13:36:15.088 * Caching the disconnected master state.
25290:S 09 Jun 2019 13:36:15.088 * Connecting to MASTER 127.0.0.1:6381
25290:S 09 Jun 2019 13:36:15.088 * MASTER <-> REPLICA sync started
25290:S 09 Jun 2019 13:36:15.089 * Non blocking connect for SYNC fired the event.
25290:S 09 Jun 2019 13:36:15.090 * Master replied to PING, replication can continue...
25290:S 09 Jun 2019 13:36:15.091 * Trying a partial resynchronization (request ed895378ebfe4563e1570bda4467de249ca11a36:5173345).
25290:S 09 Jun 2019 13:36:15.092 * Successful partial resynchronization with master.
25290:S 09 Jun 2019 13:36:15.093 * MASTER <-> REPLICA sync: Master accepted a Partial Resynchronization.
25290:S 09 Jun 2019 13:41:51.509 # MASTER timeout: no data nor PING received...
25290:S 09 Jun 2019 13:41:52.090 # Connection with master lost.
25290:S 09 Jun 2019 13:41:52.090 * Caching the disconnected master state.
25290:S 09 Jun 2019 13:41:52.091 * Connecting to MASTER 127.0.0.1:6381
25290:S 09 Jun 2019 13:41:52.092 * MASTER <-> REPLICA sync started
25290:S 09 Jun 2019 13:41:52.092 * Non blocking connect for SYNC fired the event.
25290:S 09 Jun 2019 13:41:52.093 * Master replied to PING, replication can continue...
25290:S 09 Jun 2019 13:41:52.093 * Trying a partial resynchronization (request ed895378ebfe4563e1570bda4467de249ca11a36:5175354).
25290:S 09 Jun 2019 13:41:52.094 * Successful partial resynchronization with master.
25290:S 09 Jun 2019 13:41:52.094 * MASTER <-> REPLICA sync: Master accepted a Partial Resynchronization.
25290:S 09 Jun 2019 14:19:41.109 # MASTER timeout: no data nor PING received...
25290:S 09 Jun 2019 14:19:42.092 # Connection with master lost.
25290:S 09 Jun 2019 14:19:42.093 * Caching the disconnected master state.
25290:S 09 Jun 2019 14:19:42.122 * Connecting to MASTER 127.0.0.1:6381
25290:S 09 Jun 2019 14:19:42.123 * MASTER <-> REPLICA sync started
25290:S 09 Jun 2019 14:19:42.124 * Non blocking connect for SYNC fired the event.
25290:S 09 Jun 2019 14:19:42.128 * Master replied to PING, replication can continue...
25290:S 09 Jun 2019 14:19:42.133 * Trying a partial resynchronization (request ed895378ebfe4563e1570bda4467de249ca11a36:5178574).
25290:S 09 Jun 2019 14:19:42.138 * Successful partial resynchronization with master.
25290:S 09 Jun 2019 14:19:42.138 * MASTER <-> REPLICA sync: Master accepted a Partial Resynchronization.
25290:S 09 Jun 2019 21:09:02.093 # MASTER timeout: no data nor PING received...
25290:S 09 Jun 2019 21:09:02.101 # Connection with master lost.
25290:S 09 Jun 2019 21:09:02.102 * Caching the disconnected master state.
25290:S 09 Jun 2019 21:09:02.103 * Connecting to MASTER 127.0.0.1:6381
25290:S 09 Jun 2019 21:09:02.103 * MASTER <-> REPLICA sync started
25290:S 09 Jun 2019 21:09:02.104 * Non blocking connect for SYNC fired the event.
25290:S 09 Jun 2019 21:09:02.106 * Master replied to PING, replication can continue...
25290:S 09 Jun 2019 21:09:02.108 * Trying a partial resynchronization (request ed895378ebfe4563e1570bda4467de249ca11a36:8864109).
25290:S 09 Jun 2019 21:09:02.110 * Successful partial resynchronization with master.
25290:S 09 Jun 2019 21:09:02.110 * MASTER <-> REPLICA sync: Master accepted a Partial Resynchronization.
25290:S 09 Jun 2019 22:57:05.105 # MASTER timeout: no data nor PING received...
25290:S 09 Jun 2019 22:57:06.085 # Connection with master lost.
25290:S 09 Jun 2019 22:57:06.090 * Caching the disconnected master state.
25290:S 09 Jun 2019 22:57:06.090 * Connecting to MASTER 127.0.0.1:6381
25290:S 09 Jun 2019 22:57:06.091 * MASTER <-> REPLICA sync started
25290:S 09 Jun 2019 22:57:06.092 * Non blocking connect for SYNC fired the event.
25290:S 09 Jun 2019 22:57:06.094 * Master replied to PING, replication can continue...
25290:S 09 Jun 2019 22:57:06.095 * Trying a partial resynchronization (request ed895378ebfe4563e1570bda4467de249ca11a36:8866118).
25290:S 09 Jun 2019 22:57:06.097 * Successful partial resynchronization with master.
25290:S 09 Jun 2019 22:57:06.098 * MASTER <-> REPLICA sync: Master accepted a Partial Resynchronization.
25290:S 10 Jun 2019 00:07:00.105 # MASTER timeout: no data nor PING received...
25290:S 10 Jun 2019 00:07:01.113 # Connection with master lost.
25290:S 10 Jun 2019 00:07:01.113 * Caching the disconnected master state.
25290:S 10 Jun 2019 00:07:01.114 * Connecting to MASTER 127.0.0.1:6381
25290:S 10 Jun 2019 00:07:01.115 * MASTER <-> REPLICA sync started
25290:S 10 Jun 2019 00:07:01.116 * Non blocking connect for SYNC fired the event.
25290:S 10 Jun 2019 00:07:01.118 * Master replied to PING, replication can continue...
25290:S 10 Jun 2019 00:07:01.120 * Trying a partial resynchronization (request ed895378ebfe4563e1570bda4467de249ca11a36:8868127).
25290:S 10 Jun 2019 00:07:01.122 * Successful partial resynchronization with master.
25290:S 10 Jun 2019 00:07:01.122 * MASTER <-> REPLICA sync: Master accepted a Partial Resynchronization.
25290:S 10 Jun 2019 01:55:06.103 # MASTER timeout: no data nor PING received...
25290:S 10 Jun 2019 01:55:07.094 # Connection with master lost.
25290:S 10 Jun 2019 01:55:07.095 * Caching the disconnected master state.
25290:S 10 Jun 2019 01:55:07.095 * Connecting to MASTER 127.0.0.1:6381
25290:S 10 Jun 2019 01:55:07.096 * MASTER <-> REPLICA sync started
25290:S 10 Jun 2019 01:55:07.097 * Non blocking connect for SYNC fired the event.
25290:S 10 Jun 2019 01:55:07.101 * Master replied to PING, replication can continue...
25290:S 10 Jun 2019 01:55:07.105 * Trying a partial resynchronization (request ed895378ebfe4563e1570bda4467de249ca11a36:8875351).
25290:S 10 Jun 2019 01:55:07.108 * Successful partial resynchronization with master.
25290:S 10 Jun 2019 01:55:07.109 * MASTER <-> REPLICA sync: Master accepted a Partial Resynchronization.
25290:S 10 Jun 2019 02:34:52.105 # MASTER timeout: no data nor PING received...
25290:S 10 Jun 2019 02:34:53.091 # Connection with master lost.
25290:S 10 Jun 2019 02:34:53.096 * Caching the disconnected master state.
25290:S 10 Jun 2019 02:34:53.096 * Connecting to MASTER 127.0.0.1:6381
25290:S 10 Jun 2019 02:34:53.098 * MASTER <-> REPLICA sync started
25290:S 10 Jun 2019 02:34:53.099 * Non blocking connect for SYNC fired the event.
25290:S 10 Jun 2019 02:34:53.100 * Master replied to PING, replication can continue...
25290:S 10 Jun 2019 02:34:53.102 * Trying a partial resynchronization (request ed895378ebfe4563e1570bda4467de249ca11a36:8877360).
25290:S 10 Jun 2019 02:34:53.103 * Successful partial resynchronization with master.
25290:S 10 Jun 2019 02:34:53.105 * MASTER <-> REPLICA sync: Master accepted a Partial Resynchronization.
25290:S 10 Jun 2019 04:23:01.921 # MASTER timeout: no data nor PING received...
25290:S 10 Jun 2019 04:23:02.093 # Connection with master lost.
25290:S 10 Jun 2019 04:23:02.095 * Caching the disconnected master state.
25290:S 10 Jun 2019 04:23:02.096 * Connecting to MASTER 127.0.0.1:6381
25290:S 10 Jun 2019 04:23:02.100 * MASTER <-> REPLICA sync started
25290:S 10 Jun 2019 04:23:02.101 * Non blocking connect for SYNC fired the event.
25290:S 10 Jun 2019 04:23:02.103 * Master replied to PING, replication can continue...
25290:S 10 Jun 2019 04:23:02.105 * Trying a partial resynchronization (request ed895378ebfe4563e1570bda4467de249ca11a36:8884598).
25290:S 10 Jun 2019 04:23:02.106 * Successful partial resynchronization with master.
25290:S 10 Jun 2019 04:23:02.106 * MASTER <-> REPLICA sync: Master accepted a Partial Resynchronization.
25290:S 10 Jun 2019 06:05:48.918 # MASTER timeout: no data nor PING received...
25290:S 10 Jun 2019 06:05:49.103 # Connection with master lost.
25290:S 10 Jun 2019 06:05:49.104 * Caching the disconnected master state.
25290:S 10 Jun 2019 06:05:49.105 * Connecting to MASTER 127.0.0.1:6381
25290:S 10 Jun 2019 06:05:49.106 * MASTER <-> REPLICA sync started
25290:S 10 Jun 2019 06:05:49.123 * Non blocking connect for SYNC fired the event.
25290:S 10 Jun 2019 06:05:49.129 * Master replied to PING, replication can continue...
25290:S 10 Jun 2019 06:05:49.130 * Trying a partial resynchronization (request ed895378ebfe4563e1570bda4467de249ca11a36:8891423).
25290:S 10 Jun 2019 06:05:49.131 * Successful partial resynchronization with master.
25290:S 10 Jun 2019 06:05:49.132 * MASTER <-> REPLICA sync: Master accepted a Partial Resynchronization.
25290:S 10 Jun 2019 10:02:10.299 # Connection with master lost.
25290:S 10 Jun 2019 10:02:10.308 * Caching the disconnected master state.
25290:S 10 Jun 2019 10:02:10.992 * Connecting to MASTER 127.0.0.1:6381
25290:S 10 Jun 2019 10:02:10.992 * MASTER <-> REPLICA sync started
25290:S 10 Jun 2019 10:02:10.993 * Non blocking connect for SYNC fired the event.
25290:S 10 Jun 2019 10:02:10.994 * Master replied to PING, replication can continue...
25290:S 10 Jun 2019 10:02:10.995 * Trying a partial resynchronization (request ed895378ebfe4563e1570bda4467de249ca11a36:8893432).
25290:S 10 Jun 2019 10:02:10.998 * Successful partial resynchronization with master.
25290:S 10 Jun 2019 10:02:10.998 * MASTER <-> REPLICA sync: Master accepted a Partial Resynchronization.
25290:signal-handler (1560135219) Received SIGTERM scheduling shutdown...
25290:S 10 Jun 2019 10:53:39.263 # User requested shutdown...
25290:S 10 Jun 2019 10:53:39.263 * Removing the pid file.
25290:S 10 Jun 2019 10:53:39.265 # Redis is now ready to exit, bye bye...
